0001|  0.001s|--|開始: server=fast_server, port=7777, path=db, delay=delay
0002|  0.001s| 1|ワーカー起動: 1
0003|  0.002s| 2|ワーカー起動: 2
0004|  0.003s| 3|ワーカー起動: 3
0005|  0.004s| 3|タスク受付: task_id=3
0006|  0.004s| 3|HTTP 送信開始: GET http://127.0.0.1:7777/db/delay/3
0007|  0.006s| 6|ワーカー起動: 6
0008|  0.007s| 4|タスク受付: task_id=4
0009|  0.007s| 4|HTTP 送信開始: GET http://127.0.0.1:7777/db/delay/4
0010|  0.007s| 4|ワーカー起動: 4
0011|  0.008s| 5|ワーカー起動: 5
0012|  0.008s| 1|タスク受付: task_id=1
0013|  0.009s| 1|HTTP 送信開始: GET http://127.0.0.1:7777/db/delay/1
0014|  0.009s| 5|タスク受付: task_id=5
0015|  0.010s|--|全タスク投入完了: 登録数 = 6
0016|  0.010s| 6|タスク受付: task_id=6
0017|  0.011s| 6|HTTP 送信開始: GET http://127.0.0.1:7777/db/delay/6
0018|  0.011s| 2|タスク受付: task_id=2
0019|  0.013s| 2|HTTP 送信開始: GET http://127.0.0.1:7777/db/delay/2
0020|  0.014s| 5|HTTP 送信開始: GET http://127.0.0.1:7777/db/delay/5
0021|  3.014s| 4|HTTP 受信完了: status=200, size=267bytes, delay=3.008s
0022|  3.014s| 4|JSON解析完了: name=ヒトカゲ
0023|  3.015s| 4|結果格納: name=ヒトカゲ
0024|  4.017s| 2|HTTP 受信完了: status=200, size=268bytes, delay=4.004s
0025|  4.017s| 2|JSON解析完了: name=フシギソウ
0026|  4.017s| 2|結果格納: name=フシギソウ
0027|  5.011s| 3|HTTP 受信完了: status=200, size=271bytes, delay=5.007s
0028|  5.011s| 3|JSON解析完了: name=フシギバナ
0029|  5.011s| 3|結果格納: name=フシギバナ
0030|  5.015s| 6|HTTP 受信完了: status=200, size=272bytes, delay=5.005s
0031|  5.016s| 6|JSON解析完了: name=リザードン
0032|  5.016s| 6|結果格納: name=リザードン
0033|  5.018s| 5|HTTP 受信完了: status=200, size=267bytes, delay=5.004s
0034|  5.018s| 5|JSON解析完了: name=リザード
0035|  5.018s| 5|結果格納: name=リザード
0036|  6.014s| 1|HTTP 受信完了: status=200, size=270bytes, delay=6.005s
0037|  6.014s| 1|JSON解析完了: name=フシギダネ
0038|  6.014s| 1|結果格納: name=フシギダネ
0039|  6.014s| 6|終了要求受信
0040|  6.015s| 3|終了要求受信
0041|  6.015s| 4|終了要求受信
0042|  6.015s| 1|終了要求受信
0043|  6.016s| 2|終了要求受信
0044|  6.016s| 5|終了要求受信
0045|  6.016s| 4|結果出力: task_id=4, name=ヒトカゲ
0046|  6.016s| 2|結果出力: task_id=2, name=フシギソウ
0047|  6.016s| 3|結果出力: task_id=3, name=フシギバナ
0048|  6.016s| 6|結果出力: task_id=6, name=リザードン
0049|  6.016s| 5|結果出力: task_id=5, name=リザード
0050|  6.016s| 1|結果出力: task_id=1, name=フシギダネ
0051|  6.016s|--|完了
