0001|  0.001s|--|サーバー起動準備: /home/shiori/azure-projects/api-test-app/server/flask_server.py
0002|  0.001s|--|サーバー起動コマンド送信
0003|  1.002s|--|サーバー起動完了: port=5555
0004|  1.002s|--|ワーカー起動準備: NUM_WORKERS=6
0005|  1.002s|--|スレッド開始: Worker-1
0006|  1.002s| 1|ワーカー起動: WID=1
0007|  1.003s| 1|タスク取得待機
0008|  1.003s|--|スレッド起動完了: Worker-1
0009|  1.003s|--|スレッド開始: Worker-2
0010|  1.003s| 2|ワーカー起動: WID=2
0011|  1.003s| 2|タスク取得待機
0012|  1.003s|--|スレッド起動完了: Worker-2
0013|  1.004s|--|スレッド開始: Worker-3
0014|  1.004s| 3|ワーカー起動: WID=3
0015|  1.004s| 3|タスク取得待機
0016|  1.004s|--|スレッド起動完了: Worker-3
0017|  1.004s|--|スレッド開始: Worker-4
0018|  1.004s| 4|ワーカー起動: WID=4
0019|  1.004s| 4|タスク取得待機
0020|  1.004s|--|スレッド起動完了: Worker-4
0021|  1.005s|--|スレッド開始: Worker-5
0022|  1.005s| 5|ワーカー起動: WID=5
0023|  1.005s| 5|タスク取得待機
0024|  1.005s|--|スレッド起動完了: Worker-5
0025|  1.005s|--|スレッド開始: Worker-6
0026|  1.005s| 6|ワーカー起動: WID=6
0027|  1.006s| 6|タスク取得待機
0028|  1.006s|--|スレッド起動完了: Worker-6
0029|  1.006s|--|全ワーカー起動完了
0030|  1.006s|--|タスク投入開始: 件数=6
0031|  1.006s|--|タスク投入: task_id=1
0032|  1.006s|--|タスク投入: task_id=2
0033|  1.006s| 1|タスク取得: task_id=1
0034|  1.007s| 1|実行開始: task_id=1
0035|  1.007s| 1|準備: HTTP GET http://127.0.0.1:5555/json/delay/1
0036|  1.007s| 1|HTTP送信開始
0037|  1.007s| 2|タスク取得: task_id=2
0038|  1.008s| 2|実行開始: task_id=2
0039|  1.008s| 2|準備: HTTP GET http://127.0.0.1:5555/json/delay/2
0040|  1.010s| 2|HTTP送信開始
0041|  1.011s|--|タスク投入: task_id=3
0042|  1.012s|--|タスク投入: task_id=4
0043|  1.012s| 3|タスク取得: task_id=3
0044|  1.012s| 3|実行開始: task_id=3
0045|  1.012s| 3|準備: HTTP GET http://127.0.0.1:5555/json/delay/3
0046|  1.013s| 3|HTTP送信開始
0047|  1.013s| 4|タスク取得: task_id=4
0048|  1.014s| 4|実行開始: task_id=4
0049|  1.014s| 4|準備: HTTP GET http://127.0.0.1:5555/json/delay/4
0050|  1.014s| 4|HTTP送信開始
0051|  1.015s|--|タスク投入: task_id=5
0052|  1.015s|--|タスク投入: task_id=6
0053|  1.015s|--|タスク投入完了
0054|  1.015s|--|全タスク完了待機開始
0055|  1.016s| 6|タスク取得: task_id=6
0056|  1.016s| 6|実行開始: task_id=6
0057|  1.016s| 6|準備: HTTP GET http://127.0.0.1:5555/json/delay/6
0058|  1.016s| 6|HTTP送信開始
0059|  1.016s| 5|タスク取得: task_id=5
0060|  1.017s| 5|実行開始: task_id=5
0061|  1.017s| 5|準備: HTTP GET http://127.0.0.1:5555/json/delay/5
0062|  1.017s| 5|HTTP送信開始
0063|  4.020s| 6|受信完了: status=200, elapsed=3.004s
0064|  4.020s| 6|ステータス検証開始
0065|  4.020s| 6|ステータスOK
0066|  4.020s| 6|JSON解析開始
0067|  4.021s| 5|受信完了: status=200, elapsed=3.003s
0068|  4.021s| 5|ステータス検証開始
0069|  4.021s| 5|ステータスOK
0070|  4.021s| 5|JSON解析開始
0071|  4.021s| 6|JSON解析成功: keys=['national_dex', 'ja', 'en', 'type_first', 'type_second', 'front_default_url', 'base_h', 'base_a', 'base_b', 'base_c', 'base_d', 'base_s']
0072|  4.021s| 6|ja取得: リザードン
0073|  4.021s| 6|結果キュー登録開始
0074|  4.021s| 5|JSON解析成功: keys=['national_dex', 'ja', 'en', 'type_first', 'type_second', 'front_default_url', 'base_h', 'base_a', 'base_b', 'base_c', 'base_d', 'base_s']
0075|  4.021s| 5|ja取得: リザード
0076|  4.021s| 5|結果キュー登録開始
0077|  4.022s| 6|結果キュー登録完了
0078|  4.022s| 6|タスク完了: name=リザードン
0079|  4.022s| 5|結果キュー登録完了
0080|  4.022s| 5|タスク完了: name=リザード
0081|  4.022s| 6|実行完了: task_id=6
0082|  4.022s| 5|実行完了: task_id=5
0083|  4.023s| 5|タスク取得待機
0084|  4.023s| 6|タスク取得待機
0085|  5.014s| 2|受信完了: status=200, elapsed=4.004s
0086|  5.014s| 2|ステータス検証開始
0087|  5.014s| 2|ステータスOK
0088|  5.014s| 2|JSON解析開始
0089|  5.014s| 2|JSON解析成功: keys=['national_dex', 'ja', 'en', 'type_first', 'type_second', 'front_default_url', 'base_h', 'base_a', 'base_b', 'base_c', 'base_d', 'base_s']
0090|  5.014s| 2|ja取得: フシギソウ
0091|  5.014s| 2|結果キュー登録開始
0092|  5.014s| 2|結果キュー登録完了
0093|  5.014s| 2|タスク完了: name=フシギソウ
0094|  5.014s| 2|実行完了: task_id=2
0095|  5.014s| 2|タスク取得待機
0096|  7.013s| 1|受信完了: status=200, elapsed=6.006s
0097|  7.013s| 1|ステータス検証開始
0098|  7.013s| 1|ステータスOK
0099|  7.013s| 1|JSON解析開始
0100|  7.013s| 1|JSON解析成功: keys=['national_dex', 'ja', 'en', 'type_first', 'type_second', 'front_default_url', 'base_h', 'base_a', 'base_b', 'base_c', 'base_d', 'base_s']
0101|  7.013s| 1|ja取得: フシギダネ
0102|  7.013s| 1|結果キュー登録開始
0103|  7.013s| 1|結果キュー登録完了
0104|  7.013s| 1|タスク完了: name=フシギダネ
0105|  7.013s| 1|実行完了: task_id=1
0106|  7.013s| 1|タスク取得待機
0107|  7.015s| 3|受信完了: status=200, elapsed=6.003s
0108|  7.015s| 3|ステータス検証開始
0109|  7.015s| 3|ステータスOK
0110|  7.015s| 3|JSON解析開始
0111|  7.016s| 3|JSON解析成功: keys=['national_dex', 'ja', 'en', 'type_first', 'type_second', 'front_default_url', 'base_h', 'base_a', 'base_b', 'base_c', 'base_d', 'base_s']
0112|  7.016s| 3|ja取得: フシギバナ
0113|  7.016s| 3|結果キュー登録開始
0114|  7.016s| 3|結果キュー登録完了
0115|  7.016s| 3|タスク完了: name=フシギバナ
0116|  7.016s| 3|実行完了: task_id=3
0117|  7.016s| 3|タスク取得待機
0118|  7.017s| 4|受信完了: status=200, elapsed=6.003s
0119|  7.017s| 4|ステータス検証開始
0120|  7.017s| 4|ステータスOK
0121|  7.017s| 4|JSON解析開始
0122|  7.017s| 4|JSON解析成功: keys=['national_dex', 'ja', 'en', 'type_first', 'type_second', 'front_default_url', 'base_h', 'base_a', 'base_b', 'base_c', 'base_d', 'base_s']
0123|  7.017s| 4|ja取得: ヒトカゲ
0124|  7.017s| 4|結果キュー登録開始
0125|  7.017s| 4|結果キュー登録完了
0126|  7.018s| 4|タスク完了: name=ヒトカゲ
0127|  7.018s| 4|実行完了: task_id=4
0128|  7.018s| 4|タスク取得待機
0129|  7.018s|--|全タスク完了待機終了
0130|  7.018s|--|ワーカー終了シグナル送信
0131|  7.018s|--|スレッド結合待機: Worker-1
0132|  7.018s| 3|タスク取得: task_id=None
0133|  7.019s| 3|シャットダウンシグナル受信
0134|  7.019s| 3|ワーカー終了
0135|  7.019s| 1|タスク取得: task_id=None
0136|  7.019s| 1|シャットダウンシグナル受信
0137|  7.019s| 1|ワーカー終了
0138|  7.019s| 6|タスク取得: task_id=None
0139|  7.019s| 6|シャットダウンシグナル受信
0140|  7.020s| 6|ワーカー終了
0141|  7.020s| 4|タスク取得: task_id=None
0142|  7.020s| 4|シャットダウンシグナル受信
0143|  7.020s| 4|ワーカー終了
0144|  7.020s| 5|タスク取得: task_id=None
0145|  7.020s|--|スレッド終了完了: Worker-1
0146|  7.020s|--|スレッド結合待機: Worker-2
0147|  7.020s| 5|シャットダウンシグナル受信
0148|  7.020s| 5|ワーカー終了
0149|  7.021s| 2|タスク取得: task_id=None
0150|  7.021s| 2|シャットダウンシグナル受信
0151|  7.021s| 2|ワーカー終了
0152|  7.021s|--|スレッド終了完了: Worker-2
0153|  7.021s|--|スレッド結合待機: Worker-3
0154|  7.021s|--|スレッド終了完了: Worker-3
0155|  7.021s|--|スレッド結合待機: Worker-4
0156|  7.021s|--|スレッド終了完了: Worker-4
0157|  7.021s|--|スレッド結合待機: Worker-5
0158|  7.021s|--|スレッド終了完了: Worker-5
0159|  7.021s|--|スレッド結合待機: Worker-6
0160|  7.021s|--|スレッド終了完了: Worker-6
0161|  7.021s|--|全ワーカー終了完了
0162|  7.021s|--|結果ログ出力開始
0163|  7.021s| 6|結果出力: 6→リザードン
0164|  7.021s| 5|結果出力: 5→リザード
0165|  7.021s| 2|結果出力: 2→フシギソウ
0166|  7.021s| 1|結果出力: 1→フシギダネ
0167|  7.021s| 3|結果出力: 3→フシギバナ
0168|  7.021s| 4|結果出力: 4→ヒトカゲ
0169|  7.021s|--|結果ログ出力完了
0170|  7.021s|--|処理全体完了
0171|  7.021s|--|サーバー停止処理開始
0172|  7.021s|--|サーバー terminate コマンド送信
0173|  7.053s|--|サーバー停止完了
